<?xml version="1.0" encoding="UTF-8"?>
<!-- Generated by org.testng.reporters.JUnitReportReporter -->
<testsuite skipped="1" hostname="EPINPUNW0039" name="com.epam.cleartrip.actions.NewTest" tests="1" failures="0" timestamp="28 Aug 2018 07:37:45 GMT" time="0.000" errors="0">
  <testcase name="f" time="0.000" classname="com.epam.cleartrip.actions.NewTest">
    <skipped/>
  </testcase> <!-- f -->
</testsuite> <!-- com.epam.cleartrip.actions.NewTest -->
